[debug] [2021-11-01T01:31:01.222Z] ----------------------------------------------------------------------
[debug] [2021-11-01T01:31:01.229Z] Command:       C:\Nodist\v-x64\12.18.4\node.exe C:\Users\akio6_a9h3ppq\programing\udemy-ham\react-starter-kit-in-javascript-with-node-v12.18.4\node_modules\firebase-tools\lib\bin\firebase.js init
[debug] [2021-11-01T01:31:01.229Z] CLI Version:   9.21.0
[debug] [2021-11-01T01:31:01.229Z] Platform:      win32
[debug] [2021-11-01T01:31:01.229Z] Node Version:  v12.18.4
[debug] [2021-11-01T01:31:01.232Z] Time:          Mon Nov 01 2021 10:31:01 GMT+0900 (GMT+09:00)
[debug] [2021-11-01T01:31:01.232Z] ----------------------------------------------------------------------
[debug] 
[debug] [2021-11-01T01:31:01.249Z] > command requires scopes: ["email","openid","https://www.googleapis.com/auth/cloudplatformprojects.readonly","https://www.googleapis.com/auth/firebase","https://www.googleapis.com/auth/cloud-platform"]
[debug] [2021-11-01T01:31:01.250Z] > authorizing via signed-in user (akio648828@gmail.com)
[info] 
     ######## #### ########  ######## ########     ###     ######  ########
     ##        ##  ##     ## ##       ##     ##  ##   ##  ##       ##
     ######    ##  ########  ######   ########  #########  ######  ######
     ##        ##  ##    ##  ##       ##     ## ##     ##       ## ##
     ##       #### ##     ## ######## ########  ##     ##  ######  ########

You're about to initialize a Firebase project in this directory:

  C:\Users\akio6_a9h3ppq\programing\udemy-ham\react-starter-kit-in-javascript-with-node-v12.18.4

[info] 
=== Project Setup
[info] 
[info] First, let's associate this project directory with a Firebase project.
[info] You can create multiple project aliases by running firebase use --add, 
[info] but for now we'll just set up a default project.
[info] 
[debug] [2021-11-01T01:32:42.502Z] >>> [apiv2][query] GET https://firebase.googleapis.com/v1beta1/projects pageSize=100
[debug] [2021-11-01T01:32:43.625Z] <<< [apiv2][status] GET https://firebase.googleapis.com/v1beta1/projects 200
[debug] [2021-11-01T01:32:43.625Z] <<< [apiv2][body] GET https://firebase.googleapis.com/v1beta1/projects [omitted]
[info] i  Using project idobatakaigi-with-ham-57461 (idobatakaigi-with-ham) 
[info] 
=== Hosting:github Setup
[info] 
[info] i  Detected a .git folder at C:\Users\akio6_a9h3ppq\programing\udemy-ham\react-starter-kit-in-javascript-with-node-v12.18.4 
[info] i  Authorizing with GitHub to upload your service account to a GitHub repository's secrets store. 
[info] 
[info] Visit this URL on this device to log in:
[info] https://github.com/login/oauth/authorize?client_id=89cf50f02ac6aaed3484&state=467974930&redirect_uri=http%3A%2F%2Flocalhost%3A9005&scope=read%3Auser%20repo%20public_repo
[info] 
[info] Waiting for authentication...
[debug] [2021-11-01T01:33:41.034Z] >>> HTTP REQUEST POST https://github.com/login/oauth/access_token  
 {"client_id":"89cf50f02ac6aaed3484","client_secret":"3330d14abc895d9a74d5f17cd7a00711fa2c5bf0","code":"41286ce3db00f5874df1","redirect_uri":"http://localhost:9005","state":"467974930"}
[debug] [2021-11-01T01:33:41.474Z] <<< HTTP RESPONSE 200 {"server":"GitHub.com","date":"Mon, 01 Nov 2021 01:33:41 GMT","content-type":"application/json; charset=utf-8","transfer-encoding":"chunked","vary":"X-PJAX, X-PJAX-Container, Accept-Encoding, Accept, X-Requested-With","permissions-policy":"interest-cohort=()","etag":"W/\"22677f32a9f4e7e1418098c386311ff6\"","cache-control":"max-age=0, private, must-revalidate","strict-transport-security":"max-age=31536000; includeSubdomains; preload","x-frame-options":"deny","x-content-type-options":"nosniff","x-xss-protection":"0","referrer-policy":"origin-when-cross-origin, strict-origin-when-cross-origin","expect-ct":"max-age=2592000, report-uri=\"https://api.github.com/_private/browser/errors\"","content-security-policy":"default-src 'none'; base-uri 'self'; block-all-mixed-content; child-src github.com/assets-cdn/worker/ gist.github.com/assets-cdn/worker/; connect-src 'self' uploads.github.com objects-origin.githubusercontent.com www.githubstatus.com collector.githubapp.com api.github.com github-cloud.s3.amazonaws.com github-production-repository-file-5c1aeb.s3.amazonaws.com github-production-upload-manifest-file-7fdce7.s3.amazonaws.com github-production-user-asset-6210df.s3.amazonaws.com cdn.optimizely.com logx.optimizely.com/v1/events translator.github.com wss://alive.github.com; font-src github.githubassets.com; form-action 'self' github.com gist.github.com objects-origin.githubusercontent.com; frame-ancestors 'none'; frame-src render.githubusercontent.com viewscreen.githubusercontent.com notebooks.githubusercontent.com; img-src 'self' data: github.githubassets.com identicons.github.com collector.githubapp.com github-cloud.s3.amazonaws.com secured-user-images.githubusercontent.com/ *.githubusercontent.com; manifest-src 'self'; media-src github.com user-images.githubusercontent.com/; script-src github.githubassets.com; style-src 'unsafe-inline' github.githubassets.com; worker-src github.com/assets-cdn/worker/ gist.github.com/assets-cdn/worker/","x-github-request-id":"C478:23A6:63D611:818BB7:617F43F5"}
[debug] [2021-11-01T01:33:41.492Z] >>> [apiv2][query] GET https://api.github.com/user [none]
[debug] [2021-11-01T01:33:41.911Z] <<< [apiv2][status] GET https://api.github.com/user 200
[debug] [2021-11-01T01:33:41.912Z] <<< [apiv2][body] GET https://api.github.com/user {"login":"akiogitgit","id":88410576,"node_id":"MDQ6VXNlcjg4NDEwNTc2","avatar_url":"https://avatars.githubusercontent.com/u/88410576?v=4","gravatar_id":"","url":"https://api.github.com/users/akiogitgit","html_url":"https://github.com/akiogitgit","followers_url":"https://api.github.com/users/akiogitgit/followers","following_url":"https://api.github.com/users/akiogitgit/following{/other_user}","gists_url":"https://api.github.com/users/akiogitgit/gists{/gist_id}","starred_url":"https://api.github.com/users/akiogitgit/starred{/owner}{/repo}","subscriptions_url":"https://api.github.com/users/akiogitgit/subscriptions","organizations_url":"https://api.github.com/users/akiogitgit/orgs","repos_url":"https://api.github.com/users/akiogitgit/repos","events_url":"https://api.github.com/users/akiogitgit/events{/privacy}","received_events_url":"https://api.github.com/users/akiogitgit/received_events","type":"User","site_admin":false,"name":null,"company":null,"blog":"","location":null,"email":null,"hireable":null,"bio":"fjsdisioadjfkl","twitter_username":null,"public_repos":21,"public_gists":0,"followers":1,"following":1,"created_at":"2021-08-04T00:17:00Z","updated_at":"2021-10-28T08:03:53Z","private_gists":0,"total_private_repos":2,"owned_private_repos":2,"disk_usage":28274,"collaborators":0,"two_factor_authentication":false,"plan":{"name":"free","space":976562499,"collaborators":0,"private_repos":10000}}
[info] 
[info] +  Success! Logged into GitHub as akiogitgit 
[info] 
